<?xml version="1.0" encoding="UTF-8"?>
<testsuite xmlns:xsi="http://www.w3.org/2001/XMLSchema-instance" xsi:noNamespaceSchemaLocation="https://maven.apache.org/surefire/maven-surefire-plugin/xsd/surefire-test-report.xsd" name="TestRunner.Runner" time="13.782" tests="2" errors="0" skipped="0" failures="0">
  <properties>
[...]
</properties>
  <testcase name="Given I navigate to the Application URL" classname="Scenario: Opening the application" time="0.002"/>
  <testcase name="Scenario: Opening the application" classname="Scenario: Opening the application" time="0.003"/>
</testsuite>